<?xml version="1.0" encoding="UTF-8"?>
<!-- Generated by org.testng.reporters.JUnitReportReporter -->
<testsuite hostname="LAPTOP-1M928910" failures="0" tests="2" name="Test.GoogleFormsTestProject.GoogleFormTest" time="0.007" errors="0" timestamp="2021-03-15T23:29:40 IST" skipped="0">
  <testcase classname="Test.GoogleFormsTestProject.GoogleFormTest" name="createGoogleForm" time="0.006"/>
  <system-out/>
  <testcase classname="Test.GoogleFormsTestProject.GoogleFormTest" name="loginIntoGmail" time="0.001"/>
  <system-out/>
</testsuite> <!-- Test.GoogleFormsTestProject.GoogleFormTest -->
