<?xml version="1.0" encoding="UTF-8"?>
<!-- Generated by org.testng.reporters.JUnitReportReporter -->
<testsuite hostname="LAPTOP-1M928910" failures="0" tests="1" name="Test.GoogleFormsTestProject.GoogleFormTest" time="0.007" errors="0" timestamp="15 Mar 2021 17:47:22 GMT">
  <testcase classname="Test.GoogleFormsTestProject.GoogleFormTest" name="shouldAnswerWithTrue" time="0.007"/>
</testsuite> <!-- Test.GoogleFormsTestProject.GoogleFormTest -->
